#-----------------------------------------------------------
# Vivado v2017.4 (64-bit)
# SW Build 2086221 on Fri Dec 15 20:54:30 MST 2017
# IP Build 2085800 on Fri Dec 15 22:25:07 MST 2017
# Start of session at: Thu Mar 28 22:36:12 2019
# Process ID: 7245
# Current directory: /home/exbiks/BTP/Phase2/BTP/verilog_codes
# Command line: vivado
# Log file: /home/exbiks/BTP/Phase2/BTP/verilog_codes/vivado.log
# Journal file: /home/exbiks/BTP/Phase2/BTP/verilog_codes/vivado.jou
#-----------------------------------------------------------
start_gui
open_project /home/exbiks/ProjectPunisher/ProjectPunisher.xpr
Scanning sources...
Finished scanning sources
INFO: [IP_Flow 19-234] Refreshing IP repositories
INFO: [IP_Flow 19-1704] No user IP repositories specified
INFO: [IP_Flow 19-2313] Loaded Vivado IP repository '/opt/Xilinx/Vivado/2017.4/data/ip'.
open_project: Time (s): cpu = 00:00:10 ; elapsed = 00:00:05 . Memory (MB): peak = 6065.367 ; gain = 66.629 ; free physical = 3560 ; free virtual = 7130
update_compile_order -fileset sources_1
add_files -norecurse {/home/exbiks/BTP/Phase2/BTP/verilog_codes/rams_sp_rom_angle_comb_detail.sv /home/exbiks/BTP/Phase2/BTP/verilog_codes/angle_normalization_wrapper.sv}
update_compile_order -fileset sources_1
reset_run synth_1
update_compile_order -fileset sources_1
launch_runs synth_1 -jobs 4
[Thu Mar 28 22:51:22 2019] Launched synth_1...
Run output will be captured here: /home/exbiks/ProjectPunisher/ProjectPunisher.runs/synth_1/runme.log
update_compile_order -fileset sources_1
update_compile_order -fileset sources_1
reset_run synth_1
launch_runs synth_1 -jobs 4
[Thu Mar 28 22:54:26 2019] Launched synth_1...
Run output will be captured here: /home/exbiks/ProjectPunisher/ProjectPunisher.runs/synth_1/runme.log
reset_run synth_1
launch_runs synth_1 -jobs 4
[Thu Mar 28 22:55:58 2019] Launched synth_1...
Run output will be captured here: /home/exbiks/ProjectPunisher/ProjectPunisher.runs/synth_1/runme.log
reset_run synth_1
launch_runs synth_1 -jobs 4
[Thu Mar 28 23:02:28 2019] Launched synth_1...
Run output will be captured here: /home/exbiks/ProjectPunisher/ProjectPunisher.runs/synth_1/runme.log
reset_run synth_1
launch_runs synth_1 -jobs 4
[Thu Mar 28 23:03:49 2019] Launched synth_1...
Run output will be captured here: /home/exbiks/ProjectPunisher/ProjectPunisher.runs/synth_1/runme.log
reset_run synth_1
launch_runs synth_1 -jobs 4
[Thu Mar 28 23:17:32 2019] Launched synth_1...
Run output will be captured here: /home/exbiks/ProjectPunisher/ProjectPunisher.runs/synth_1/runme.log
reset_run synth_1
launch_runs synth_1 -jobs 4
[Thu Mar 28 23:19:02 2019] Launched synth_1...
Run output will be captured here: /home/exbiks/ProjectPunisher/ProjectPunisher.runs/synth_1/runme.log
reset_run synth_1
launch_runs synth_1 -jobs 4
[Thu Mar 28 23:19:39 2019] Launched synth_1...
Run output will be captured here: /home/exbiks/ProjectPunisher/ProjectPunisher.runs/synth_1/runme.log
reset_run synth_1
launch_runs synth_1 -jobs 4
[Thu Mar 28 23:25:02 2019] Launched synth_1...
Run output will be captured here: /home/exbiks/ProjectPunisher/ProjectPunisher.runs/synth_1/runme.log
reset_run synth_1
launch_runs synth_1 -jobs 4
[Thu Mar 28 23:29:01 2019] Launched synth_1...
Run output will be captured here: /home/exbiks/ProjectPunisher/ProjectPunisher.runs/synth_1/runme.log
reset_run synth_1
launch_runs synth_1 -jobs 4
CRITICAL WARNING: [HDL 9-806] Syntax error near "case". [/home/exbiks/BTP/Phase2/BTP/verilog_codes/rams_sp_rom_angle_comb_detail.sv:18]
CRITICAL WARNING: [HDL 9-806] Syntax error near "end". [/home/exbiks/BTP/Phase2/BTP/verilog_codes/rams_sp_rom_angle_comb_detail.sv:42]
[Thu Mar 28 23:44:59 2019] Launched synth_1...
Run output will be captured here: /home/exbiks/ProjectPunisher/ProjectPunisher.runs/synth_1/runme.log
reset_run synth_1
launch_runs synth_1 -jobs 4
[Thu Mar 28 23:46:03 2019] Launched synth_1...
Run output will be captured here: /home/exbiks/ProjectPunisher/ProjectPunisher.runs/synth_1/runme.log
reset_run synth_1
launch_runs synth_1 -jobs 4
[Thu Mar 28 23:47:11 2019] Launched synth_1...
Run output will be captured here: /home/exbiks/ProjectPunisher/ProjectPunisher.runs/synth_1/runme.log
